2025-05-20 11:11:09,790 - INFO - Found 24 file extensions in extensions.json
2025-05-20 11:11:09,790 - INFO - Getting files in directory: C:\Users\pawel\Downloads
2025-05-20 11:11:09,790 - INFO - Found 11 files in directory: C:\Users\pawel\Downloads
2025-05-20 11:11:11,770 - INFO - Confirmation = False
2025-05-20 11:11:44,980 - INFO - Found 24 file extensions in extensions.json
2025-05-20 11:11:44,980 - INFO - Getting files in directory: C:\Users\pawel\Downloads
2025-05-20 11:11:44,981 - INFO - Found 11 files in directory: C:\Users\pawel\Downloads
2025-05-20 11:11:47,176 - INFO - Confirmation = False
2025-05-20 11:15:20,387 - INFO - Found 24 file extensions in extensions.json
2025-05-20 11:15:20,387 - INFO - Getting files in directory: C:\Users\pawel\Downloads
2025-05-20 11:15:20,388 - INFO - Found 11 files in directory: C:\Users\pawel\Downloads
2025-05-20 11:16:57,396 - INFO - Confirmation = False
2025-05-20 11:16:58,300 - INFO - Found 24 file extensions in extensions.json
2025-05-20 11:16:58,301 - INFO - Getting files in directory: C:\Users\pawel\Downloads
2025-05-20 11:16:58,301 - INFO - Found 11 files in directory: C:\Users\pawel\Downloads
2025-05-20 11:16:59,946 - INFO - Confirmation = False
2025-05-20 11:17:12,913 - INFO - Found 24 file extensions in extensions.json
2025-05-20 11:17:12,913 - INFO - Getting files in directory: C:\Users\pawel\Downloads
2025-05-20 11:17:12,913 - INFO - Found 11 files in directory: C:\Users\pawel\Downloads
2025-05-20 11:17:19,709 - INFO - Confirmation = False
2025-05-20 11:17:22,419 - INFO - Found 24 file extensions in extensions.json
2025-05-20 11:17:22,420 - INFO - Getting files in directory: C:\Users\pawel\Downloads
2025-05-20 11:17:22,420 - INFO - Found 11 files in directory: C:\Users\pawel\Downloads
2025-05-20 11:17:33,231 - INFO - Found 24 file extensions in extensions.json
2025-05-20 11:17:33,231 - INFO - Getting files in directory: C:\Users\pawel\Downloads
2025-05-20 11:17:33,232 - INFO - Found 11 files in directory: C:\Users\pawel\Downloads
2025-05-20 11:17:37,003 - INFO - Confirmation = False
2025-05-20 11:18:36,703 - INFO - Found 24 file extensions in extensions.json
2025-05-20 11:18:36,703 - INFO - Getting files in directory: C:\Users\pawel\Downloads
2025-05-20 11:18:36,703 - INFO - Found 11 files in directory: C:\Users\pawel\Downloads
2025-05-20 11:18:36,704 - INFO - Found existing organization folder {name}; skipping...
2025-05-20 11:18:36,704 - INFO - Found existing organization folder {name}; skipping...
2025-05-20 11:18:36,704 - INFO - Found existing organization folder {name}; skipping...
2025-05-20 11:18:36,704 - INFO - Found existing organization folder {name}; skipping...
2025-05-20 11:18:36,705 - INFO - Found existing organization folder {name}; skipping...
2025-05-20 11:18:36,705 - INFO - Found existing organization folder {name}; skipping...
2025-05-20 11:18:36,705 - INFO - Found existing organization folder {name}; skipping...
2025-05-20 11:18:36,705 - INFO - Found existing organization folder {name}; skipping...
2025-05-20 11:18:36,706 - INFO - Found existing organization folder {name}; skipping...
2025-05-20 11:18:42,066 - INFO - Confirmation = False
2025-05-20 11:18:58,215 - INFO - Found 24 file extensions in extensions.json
2025-05-20 11:18:58,215 - INFO - Getting files in directory: C:\Users\pawel\Downloads
2025-05-20 11:18:58,215 - INFO - Found 11 files in directory: C:\Users\pawel\Downloads
2025-05-20 11:18:58,215 - INFO - Found existing organization folder {name}; skipping...
2025-05-20 11:18:58,216 - INFO - Found existing organization folder {name}; skipping...
2025-05-20 11:18:58,216 - INFO - Found existing organization folder {name}; skipping...
2025-05-20 11:18:58,216 - INFO - Found existing organization folder {name}; skipping...
2025-05-20 11:18:58,217 - INFO - Found existing organization folder {name}; skipping...
2025-05-20 11:18:58,217 - INFO - Found existing organization folder {name}; skipping...
2025-05-20 11:18:58,217 - INFO - Found existing organization folder {name}; skipping...
2025-05-20 11:18:58,218 - INFO - Found existing organization folder {name}; skipping...
2025-05-20 11:18:58,218 - INFO - Found existing organization folder {name}; skipping...
2025-05-20 11:19:00,741 - INFO - Confirmation = False
2025-05-20 11:20:08,660 - INFO - Found 24 file extensions in extensions.json
2025-05-20 11:20:08,661 - INFO - Getting files in directory: C:\Users\pawel\Downloads
2025-05-20 11:20:08,661 - INFO - Found 11 files in directory: C:\Users\pawel\Downloads
2025-05-20 11:20:08,661 - INFO - Found existing organization folder {name}; skipping...
2025-05-20 11:20:08,662 - INFO - Found existing organization folder {name}; skipping...
2025-05-20 11:20:08,662 - INFO - Found existing organization folder {name}; skipping...
2025-05-20 11:20:08,662 - INFO - Found existing organization folder {name}; skipping...
2025-05-20 11:20:08,662 - INFO - Found existing organization folder {name}; skipping...
2025-05-20 11:20:08,662 - INFO - Found existing organization folder {name}; skipping...
2025-05-20 11:20:08,663 - INFO - Found existing organization folder {name}; skipping...
2025-05-20 11:20:08,663 - INFO - Found existing organization folder {name}; skipping...
2025-05-20 11:20:08,663 - INFO - Found existing organization folder {name}; skipping...
2025-05-20 11:20:08,663 - INFO - Found existing organization folder {name}; skipping...
2025-05-20 11:20:08,664 - INFO - Found existing organization folder {name}; skipping...
2025-05-20 11:20:12,245 - INFO - Confirmation = False
